<?xml version="1.0" encoding="UTF-8"?>
<!-- Generated by org.testng.reporters.JUnitReportReporter -->
<testsuite hostname="Luckys-MacBook-Air.local" failures="0" tests="1" name="scripts.SeleniumFramework4X.Runner.TestRunner" time="17.485" errors="0" timestamp="2023-11-15T18:41:02 IST" skipped="0">
  <testcase classname="scripts.SeleniumFramework4X.Runner.TestRunner" name="runScenario" time="17.485"/>
  <system-out/>
</testsuite> <!-- scripts.SeleniumFramework4X.Runner.TestRunner -->
